<?xml version="1.0" encoding="UTF-8"?>
<!-- Generated by org.testng.reporters.JUnitReportReporter -->
<testsuite hostname="LAPTOP-UBM8S5UD" failures="0" tests="1" name="DynamicJson" time="3.395" errors="0" timestamp="29 Jun 2023 12:48:35 GMT">
  <testcase classname="DynamicJson" name="addBook" time="3.395"/>
</testsuite> <!-- DynamicJson -->
