<?xml version="1.0" encoding="UTF-8"?>
<!-- Generated by org.testng.reporters.JUnitReportReporter -->
<testsuite hostname="LAPTOP-UBM8S5UD" failures="0" tests="1" name="SumValidation" time="1.330" errors="0" timestamp="29 Jun 2023 11:22:22 GMT">
  <testcase classname="SumValidation" name="sumOfCourses" time="1.330"/>
</testsuite> <!-- SumValidation -->
