<?xml version="1.0" encoding="UTF-8"?>
<!-- Generated by org.testng.reporters.JUnitReportReporter -->
<testsuite hostname="LAPTOP-UBM8S5UD" failures="0" tests="3" name="DynamicJson" time="4.899" errors="0" timestamp="3 Jul 2023 11:01:13 GMT">
  <testcase classname="DynamicJson" name="addBook" time="0.647"/>
  <testcase classname="DynamicJson" name="addBook" time="0.669"/>
  <testcase classname="DynamicJson" name="addBook" time="3.583"/>
</testsuite> <!-- DynamicJson -->
